# JRE version: Java(TM) SE Runtime Environment (23.0.1+11) (build 23.0.1+11-39)
# Java VM: Java HotSpot(TM) 64-Bit Server VM (23.0.1+11-39, mixed mode, sharing, tiered, compressed oops, compressed class ptrs, g1 gc, windows-amd64)
GC Precious Log:
 CardTable entry size: 512
 Card Set container configuration: InlinePtr #cards 5 size 8 Array Of Cards #cards 10 size 36 Howl #buckets 4 coarsen threshold 1843 Howl Bitmap #cards 512 size 80 coarsen threshold 460 Card regions per heap region 1 cards per card region 2048
 CPUs: 4 total, 4 available
 Memory: 7886M
 Large Page Support: Disabled
 NUMA Support: Disabled
 Compressed Oops: Enabled (32-bit)
 Heap Region Size: 1M
 Heap Min Capacity: 8M
 Heap Initial Capacity: 124M
 Heap Max Capacity: 1972M
 Pre-touch: Disabled
 Parallel Workers: 4
 Concurrent Workers: 1
 Concurrent Refinement Workers: 4
 Periodic GC: Disabled
Heap:
 garbage-first heap   total reserved 2019328K, committed 51200K, used 28595K [0x0000000084c00000, 0x0000000100000000)
  region size 1024K, 5 young (5120K), 3 survivors (3072K)
 Metaspace       used 43078K, committed 43584K, reserved 1114112K
  class space    used 5630K, committed 5888K, reserved 1048576K
GC Heap History (20 events):
Event: 2.857 GC heap after
{Heap after GC invocations=4 (full 0):
 garbage-first heap   total reserved 2019328K, committed 126976K, used 13929K [0x0000000084c00000, 0x0000000100000000)
  region size 1024K, 6 young (6144K), 6 survivors (6144K)
 Metaspace       used 19385K, committed 19648K, reserved 1114112K
  class space    used 2430K, committed 2560K, reserved 1048576K
}
Event: 2.966 GC heap before
{Heap before GC invocations=4 (full 0):
 garbage-first heap   total reserved 2019328K, committed 126976K, used 25193K [0x0000000084c00000, 0x0000000100000000)
  region size 1024K, 18 young (18432K), 6 survivors (6144K)
 Metaspace       used 21245K, committed 21504K, reserved 1114112K
  class space    used 2662K, committed 2816K, reserved 1048576K
}
Event: 2.973 GC heap after
{Heap after GC invocations=5 (full 0):
 garbage-first heap   total reserved 2019328K, committed 126976K, used 14531K [0x0000000084c00000, 0x0000000100000000)
  region size 1024K, 4 young (4096K), 4 survivors (4096K)
 Metaspace       used 21245K, committed 21504K, reserved 1114112K
  class space    used 2662K, committed 2816K, reserved 1048576K
}
Event: 4.033 GC heap before
{Heap before GC invocations=6 (full 0):
 garbage-first heap   total reserved 2019328K, committed 51200K, used 40131K [0x0000000084c00000, 0x0000000100000000)
  region size 1024K, 30 young (30720K), 4 survivors (4096K)
 Metaspace       used 24057K, committed 24448K, reserved 1114112K
  class space    used 3000K, committed 3200K, reserved 1048576K
}
Event: 4.041 GC heap after
{Heap after GC invocations=7 (full 0):
 garbage-first heap   total reserved 2019328K, committed 51200K, used 18022K [0x0000000084c00000, 0x0000000100000000)
  region size 1024K, 4 young (4096K), 4 survivors (4096K)
 Metaspace       used 24057K, committed 24448K, reserved 1114112K
  class space    used 3000K, committed 3200K, reserved 1048576K
}
Event: 4.744 GC heap before
{Heap before GC invocations=7 (full 0):
 garbage-first heap   total reserved 2019328K, committed 51200K, used 39526K [0x0000000084c00000, 0x0000000100000000)
  region size 1024K, 25 young (25600K), 4 survivors (4096K)
 Metaspace       used 26303K, committed 26624K, reserved 1114112K
  class space    used 3302K, committed 3456K, reserved 1048576K
}
Event: 4.749 GC heap after
{Heap after GC invocations=8 (full 0):
 garbage-first heap   total reserved 2019328K, committed 51200K, used 19516K [0x0000000084c00000, 0x0000000100000000)
  region size 1024K, 2 young (2048K), 2 survivors (2048K)
 Metaspace       used 26303K, committed 26624K, reserved 1114112K
  class space    used 3302K, committed 3456K, reserved 1048576K
}
Event: 5.422 GC heap before
{Heap before GC invocations=8 (full 0):
 garbage-first heap   total reserved 2019328K, committed 51200K, used 39996K [0x0000000084c00000, 0x0000000100000000)
  region size 1024K, 22 young (22528K), 2 survivors (2048K)
 Metaspace       used 29044K, committed 29440K, reserved 1114112K
  class space    used 3689K, committed 3840K, reserved 1048576K
}
Event: 5.427 GC heap after
{Heap after GC invocations=9 (full 0):
 garbage-first heap   total reserved 2019328K, committed 51200K, used 21029K [0x0000000084c00000, 0x0000000100000000)
  region size 1024K, 3 young (3072K), 3 survivors (3072K)
 Metaspace       used 29044K, committed 29440K, reserved 1114112K
  class space    used 3689K, committed 3840K, reserved 1048576K
}
Event: 6.236 GC heap before
{Heap before GC invocations=9 (full 0):
 garbage-first heap   total reserved 2019328K, committed 51200K, used 40485K [0x0000000084c00000, 0x0000000100000000)
  region size 1024K, 23 young (23552K), 3 survivors (3072K)
 Metaspace       used 32570K, committed 33024K, reserved 1114112K
  class space    used 4138K, committed 4352K, reserved 1048576K
}
Event: 6.240 GC heap after
{Heap after GC invocations=10 (full 0):
 garbage-first heap   total reserved 2019328K, committed 51200K, used 22394K [0x0000000084c00000, 0x0000000100000000)
  region size 1024K, 3 young (3072K), 3 survivors (3072K)
 Metaspace       used 32570K, committed 33024K, reserved 1114112K
  class space    used 4138K, committed 4352K, reserved 1048576K
}
Event: 6.859 GC heap before
{Heap before GC invocations=10 (full 0):
 garbage-first heap   total reserved 2019328K, committed 51200K, used 42874K [0x0000000084c00000, 0x0000000100000000)
  region size 1024K, 23 young (23552K), 3 survivors (3072K)
 Metaspace       used 35098K, committed 35584K, reserved 1114112K
  class space    used 4511K, committed 4736K, reserved 1048576K
}
Event: 6.864 GC heap after
{Heap after GC invocations=11 (full 0):
 garbage-first heap   total reserved 2019328K, committed 51200K, used 24323K [0x0000000084c00000, 0x0000000100000000)
  region size 1024K, 2 young (2048K), 2 survivors (2048K)
 Metaspace       used 35098K, committed 35584K, reserved 1114112K
  class space    used 4511K, committed 4736K, reserved 1048576K
}
Event: 6.949 GC heap before
{Heap before GC invocations=11 (full 0):
 garbage-first heap   total reserved 2019328K, committed 51200K, used 25347K [0x0000000084c00000, 0x0000000100000000)
  region size 1024K, 4 young (4096K), 2 survivors (2048K)
 Metaspace       used 35498K, committed 35968K, reserved 1114112K
  class space    used 4558K, committed 4800K, reserved 1048576K
}
Event: 6.953 GC heap after
{Heap after GC invocations=12 (full 0):
 garbage-first heap   total reserved 2019328K, committed 51200K, used 24515K [0x0000000084c00000, 0x0000000100000000)
  region size 1024K, 1 young (1024K), 1 survivors (1024K)
 Metaspace       used 35498K, committed 35968K, reserved 1114112K
  class space    used 4558K, committed 4800K, reserved 1048576K
}
Event: 7.552 GC heap before
{Heap before GC invocations=13 (full 0):
 garbage-first heap   total reserved 2019328K, committed 51200K, used 43971K [0x0000000084c00000, 0x0000000100000000)
  region size 1024K, 20 young (20480K), 1 survivors (1024K)
 Metaspace       used 37610K, committed 38080K, reserved 1114112K
  class space    used 4799K, committed 4992K, reserved 1048576K
}
Event: 7.556 GC heap after
{Heap after GC invocations=14 (full 0):
 garbage-first heap   total reserved 2019328K, committed 51200K, used 25518K [0x0000000084c00000, 0x0000000100000000)
  region size 1024K, 2 young (2048K), 2 survivors (2048K)
 Metaspace       used 37610K, committed 38080K, reserved 1114112K
  class space    used 4799K, committed 4992K, reserved 1048576K
}
Event: 8.069 GC heap before
{Heap before GC invocations=14 (full 0):
 garbage-first heap   total reserved 2019328K, committed 51200K, used 43950K [0x0000000084c00000, 0x0000000100000000)
  region size 1024K, 20 young (20480K), 2 survivors (2048K)
 Metaspace       used 38803K, committed 39360K, reserved 1114112K
  class space    used 5007K, committed 5248K, reserved 1048576K
}
Event: 8.073 GC heap after
{Heap after GC invocations=15 (full 0):
 garbage-first heap   total reserved 2019328K, committed 51200K, used 26577K [0x0000000084c00000, 0x0000000100000000)
  region size 1024K, 3 young (3072K), 3 survivors (3072K)
 Metaspace       used 38803K, committed 39360K, reserved 1114112K
  class space    used 5007K, committed 5248K, reserved 1048576K
}
Event: 8.732 GC heap before
{Heap before GC invocations=15 (full 0):
 garbage-first heap   total reserved 2019328K, committed 51200K, used 42961K [0x0000000084c00000, 0x0000000100000000)
  region size 1024K, 20 young (20480K), 3 survivors (3072K)
 Metaspace       used 42813K, committed 43328K, reserved 1114112K
  class space    used 5587K, committed 5824K, reserved 1048576K
}

