# JRE version: Java(TM) SE Runtime Environment (23.0.1+11) (build 23.0.1+11-39)
# Java VM: Java HotSpot(TM) 64-Bit Server VM (23.0.1+11-39, mixed mode, sharing, tiered, compressed oops, compressed class ptrs, g1 gc, windows-amd64)
GC Precious Log:
 CardTable entry size: 512
 Card Set container configuration: InlinePtr #cards 5 size 8 Array Of Cards #cards 10 size 36 Howl #buckets 4 coarsen threshold 1843 Howl Bitmap #cards 512 size 80 coarsen threshold 460 Card regions per heap region 1 cards per card region 2048
 CPUs: 4 total, 4 available
 Memory: 7886M
 Large Page Support: Disabled
 NUMA Support: Disabled
 Compressed Oops: Enabled (32-bit)
 Heap Region Size: 1M
 Heap Min Capacity: 8M
 Heap Initial Capacity: 124M
 Heap Max Capacity: 1972M
 Pre-touch: Disabled
 Parallel Workers: 4
 Concurrent Workers: 1
 Concurrent Refinement Workers: 4
 Periodic GC: Disabled
Heap:
 garbage-first heap   total reserved 2019328K, committed 86016K, used 67270K [0x0000000084c00000, 0x0000000100000000)
  region size 1024K, 20 young (20480K), 3 survivors (3072K)
 Metaspace       used 94388K, committed 95232K, reserved 1179648K
  class space    used 12933K, committed 13312K, reserved 1048576K
GC Heap History (20 events):
Event: 18.428 GC heap before
{Heap before GC invocations=26 (full 0):
 garbage-first heap   total reserved 2019328K, committed 58368K, used 51635K [0x0000000084c00000, 0x0000000100000000)
  region size 1024K, 18 young (18432K), 1 survivors (1024K)
 Metaspace       used 74567K, committed 75200K, reserved 1114112K
  class space    used 10161K, committed 10432K, reserved 1048576K
}
Event: 18.434 GC heap after
{Heap after GC invocations=27 (full 0):
 garbage-first heap   total reserved 2019328K, committed 58368K, used 36422K [0x0000000084c00000, 0x0000000100000000)
  region size 1024K, 3 young (3072K), 3 survivors (3072K)
 Metaspace       used 74567K, committed 75200K, reserved 1114112K
  class space    used 10161K, committed 10432K, reserved 1048576K
}
Event: 18.843 GC heap before
{Heap before GC invocations=27 (full 0):
 garbage-first heap   total reserved 2019328K, committed 58368K, used 49734K [0x0000000084c00000, 0x0000000100000000)
  region size 1024K, 16 young (16384K), 3 survivors (3072K)
 Metaspace       used 75886K, committed 76544K, reserved 1179648K
  class space    used 10481K, committed 10752K, reserved 1048576K
}
Event: 18.853 GC heap after
{Heap after GC invocations=28 (full 0):
 garbage-first heap   total reserved 2019328K, committed 58368K, used 37519K [0x0000000084c00000, 0x0000000100000000)
  region size 1024K, 2 young (2048K), 2 survivors (2048K)
 Metaspace       used 75886K, committed 76544K, reserved 1179648K
  class space    used 10481K, committed 10752K, reserved 1048576K
}
Event: 19.651 GC heap before
{Heap before GC invocations=29 (full 0):
 garbage-first heap   total reserved 2019328K, committed 65536K, used 49807K [0x0000000084c00000, 0x0000000100000000)
  region size 1024K, 15 young (15360K), 2 survivors (2048K)
 Metaspace       used 77360K, committed 78016K, reserved 1179648K
  class space    used 10664K, committed 10944K, reserved 1048576K
}
Event: 19.659 GC heap after
{Heap after GC invocations=30 (full 0):
 garbage-first heap   total reserved 2019328K, committed 65536K, used 38107K [0x0000000084c00000, 0x0000000100000000)
  region size 1024K, 1 young (1024K), 1 survivors (1024K)
 Metaspace       used 77360K, committed 78016K, reserved 1179648K
  class space    used 10664K, committed 10944K, reserved 1048576K
}
Event: 20.145 GC heap before
{Heap before GC invocations=30 (full 0):
 garbage-first heap   total reserved 2019328K, committed 65536K, used 58587K [0x0000000084c00000, 0x0000000100000000)
  region size 1024K, 21 young (21504K), 1 survivors (1024K)
 Metaspace       used 77720K, committed 78464K, reserved 1179648K
  class space    used 10703K, committed 11008K, reserved 1048576K
}
Event: 20.152 GC heap after
{Heap after GC invocations=31 (full 0):
 garbage-first heap   total reserved 2019328K, committed 78848K, used 38859K [0x0000000084c00000, 0x0000000100000000)
  region size 1024K, 2 young (2048K), 2 survivors (2048K)
 Metaspace       used 77720K, committed 78464K, reserved 1179648K
  class space    used 10703K, committed 11008K, reserved 1048576K
}
Event: 21.074 GC heap before
{Heap before GC invocations=31 (full 0):
 garbage-first heap   total reserved 2019328K, committed 78848K, used 68555K [0x0000000084c00000, 0x0000000100000000)
  region size 1024K, 31 young (31744K), 2 survivors (2048K)
 Metaspace       used 79458K, committed 80192K, reserved 1179648K
  class space    used 10947K, committed 11264K, reserved 1048576K
}
Event: 21.081 GC heap after
{Heap after GC invocations=32 (full 0):
 garbage-first heap   total reserved 2019328K, committed 78848K, used 41240K [0x0000000084c00000, 0x0000000100000000)
  region size 1024K, 4 young (4096K), 4 survivors (4096K)
 Metaspace       used 79458K, committed 80192K, reserved 1179648K
  class space    used 10947K, committed 11264K, reserved 1048576K
}
Event: 22.069 GC heap before
{Heap before GC invocations=32 (full 0):
 garbage-first heap   total reserved 2019328K, committed 78848K, used 68888K [0x0000000084c00000, 0x0000000100000000)
  region size 1024K, 31 young (31744K), 4 survivors (4096K)
 Metaspace       used 81247K, committed 81984K, reserved 1179648K
  class space    used 11186K, committed 11520K, reserved 1048576K
}
Event: 22.079 GC heap after
{Heap after GC invocations=33 (full 0):
 garbage-first heap   total reserved 2019328K, committed 78848K, used 43506K [0x0000000084c00000, 0x0000000100000000)
  region size 1024K, 3 young (3072K), 3 survivors (3072K)
 Metaspace       used 81247K, committed 81984K, reserved 1179648K
  class space    used 11186K, committed 11520K, reserved 1048576K
}
Event: 23.097 GC heap before
{Heap before GC invocations=33 (full 0):
 garbage-first heap   total reserved 2019328K, committed 78848K, used 69106K [0x0000000084c00000, 0x0000000100000000)
  region size 1024K, 28 young (28672K), 3 survivors (3072K)
 Metaspace       used 82763K, committed 83584K, reserved 1179648K
  class space    used 11445K, committed 11840K, reserved 1048576K
}
Event: 23.106 GC heap after
{Heap after GC invocations=34 (full 0):
 garbage-first heap   total reserved 2019328K, committed 78848K, used 45386K [0x0000000084c00000, 0x0000000100000000)
  region size 1024K, 4 young (4096K), 4 survivors (4096K)
 Metaspace       used 82763K, committed 83584K, reserved 1179648K
  class space    used 11445K, committed 11840K, reserved 1048576K
}
Event: 23.882 GC heap before
{Heap before GC invocations=35 (full 0):
 garbage-first heap   total reserved 2019328K, committed 78848K, used 67914K [0x0000000084c00000, 0x0000000100000000)
  region size 1024K, 27 young (27648K), 4 survivors (4096K)
 Metaspace       used 85808K, committed 86656K, reserved 1179648K
  class space    used 11849K, committed 12224K, reserved 1048576K
}
Event: 23.894 GC heap after
{Heap after GC invocations=36 (full 0):
 garbage-first heap   total reserved 2019328K, committed 78848K, used 47255K [0x0000000084c00000, 0x0000000100000000)
  region size 1024K, 4 young (4096K), 4 survivors (4096K)
 Metaspace       used 85808K, committed 86656K, reserved 1179648K
  class space    used 11849K, committed 12224K, reserved 1048576K
}
Event: 27.152 GC heap before
{Heap before GC invocations=36 (full 0):
 garbage-first heap   total reserved 2019328K, committed 78848K, used 67735K [0x0000000084c00000, 0x0000000100000000)
  region size 1024K, 25 young (25600K), 4 survivors (4096K)
 Metaspace       used 90019K, committed 90880K, reserved 1179648K
  class space    used 12431K, committed 12800K, reserved 1048576K
}
Event: 27.167 GC heap after
{Heap after GC invocations=37 (full 0):
 garbage-first heap   total reserved 2019328K, committed 78848K, used 48237K [0x0000000084c00000, 0x0000000100000000)
  region size 1024K, 2 young (2048K), 2 survivors (2048K)
 Metaspace       used 90019K, committed 90880K, reserved 1179648K
  class space    used 12431K, committed 12800K, reserved 1048576K
}
Event: 63.570 GC heap before
{Heap before GC invocations=37 (full 0):
 garbage-first heap   total reserved 2019328K, committed 78848K, used 69741K [0x0000000084c00000, 0x0000000100000000)
  region size 1024K, 24 young (24576K), 2 survivors (2048K)
 Metaspace       used 93733K, committed 94592K, reserved 1179648K
  class space    used 12912K, committed 13248K, reserved 1048576K
}
Event: 63.575 GC heap after
{Heap after GC invocations=38 (full 0):
 garbage-first heap   total reserved 2019328K, committed 78848K, used 50886K [0x0000000084c00000, 0x0000000100000000)
  region size 1024K, 3 young (3072K), 3 survivors (3072K)
 Metaspace       used 93733K, committed 94592K, reserved 1179648K
  class space    used 12912K, committed 13248K, reserved 1048576K
}

