# JRE version: Java(TM) SE Runtime Environment (23.0.1+11) (build 23.0.1+11-39)
# Java VM: Java HotSpot(TM) 64-Bit Server VM (23.0.1+11-39, mixed mode, sharing, tiered, compressed oops, compressed class ptrs, g1 gc, windows-amd64)
GC Precious Log:
 CardTable entry size: 512
 Card Set container configuration: InlinePtr #cards 5 size 8 Array Of Cards #cards 10 size 36 Howl #buckets 4 coarsen threshold 1843 Howl Bitmap #cards 512 size 80 coarsen threshold 460 Card regions per heap region 1 cards per card region 2048
 CPUs: 4 total, 4 available
 Memory: 7886M
 Large Page Support: Disabled
 NUMA Support: Disabled
 Compressed Oops: Enabled (32-bit)
 Heap Region Size: 1M
 Heap Min Capacity: 8M
 Heap Initial Capacity: 124M
 Heap Max Capacity: 1972M
 Pre-touch: Disabled
 Parallel Workers: 4
 Concurrent Workers: 1
 Concurrent Refinement Workers: 4
 Periodic GC: Disabled
Heap:
 garbage-first heap   total reserved 2019328K, committed 104448K, used 85476K [0x0000000084c00000, 0x0000000100000000)
  region size 1024K, 28 young (28672K), 4 survivors (4096K)
 Metaspace       used 32616K, committed 33088K, reserved 1114112K
  class space    used 3694K, committed 3904K, reserved 1048576K
GC Heap History (20 events):
Event: 3.723 GC heap before
{Heap before GC invocations=5 (full 0):
 garbage-first heap   total reserved 2019328K, committed 126976K, used 75545K [0x0000000084c00000, 0x0000000100000000)
  region size 1024K, 62 young (63488K), 4 survivors (4096K)
 Metaspace       used 16811K, committed 17088K, reserved 1114112K
  class space    used 1961K, committed 2112K, reserved 1048576K
}
Event: 3.732 GC heap after
{Heap after GC invocations=6 (full 0):
 garbage-first heap   total reserved 2019328K, committed 152576K, used 18713K [0x0000000084c00000, 0x0000000100000000)
  region size 1024K, 7 young (7168K), 7 survivors (7168K)
 Metaspace       used 16811K, committed 17088K, reserved 1114112K
  class space    used 1961K, committed 2112K, reserved 1048576K
}
Event: 5.429 GC heap before
{Heap before GC invocations=6 (full 0):
 garbage-first heap   total reserved 2019328K, committed 152576K, used 95513K [0x0000000084c00000, 0x0000000100000000)
  region size 1024K, 79 young (80896K), 7 survivors (7168K)
 Metaspace       used 21014K, committed 21312K, reserved 1114112K
  class space    used 2434K, committed 2560K, reserved 1048576K
}
Event: 5.438 GC heap after
{Heap after GC invocations=7 (full 0):
 garbage-first heap   total reserved 2019328K, committed 152576K, used 24124K [0x0000000084c00000, 0x0000000100000000)
  region size 1024K, 7 young (7168K), 7 survivors (7168K)
 Metaspace       used 21014K, committed 21312K, reserved 1114112K
  class space    used 2434K, committed 2560K, reserved 1048576K
}
Event: 5.514 GC heap before
{Heap before GC invocations=7 (full 0):
 garbage-first heap   total reserved 2019328K, committed 152576K, used 34364K [0x0000000084c00000, 0x0000000100000000)
  region size 1024K, 16 young (16384K), 7 survivors (7168K)
 Metaspace       used 21218K, committed 21504K, reserved 1114112K
  class space    used 2451K, committed 2560K, reserved 1048576K
}
Event: 5.522 GC heap after
{Heap after GC invocations=8 (full 0):
 garbage-first heap   total reserved 2019328K, committed 152576K, used 29094K [0x0000000084c00000, 0x0000000100000000)
  region size 1024K, 8 young (8192K), 8 survivors (8192K)
 Metaspace       used 21218K, committed 21504K, reserved 1114112K
  class space    used 2451K, committed 2560K, reserved 1048576K
}
Event: 7.052 GC heap before
{Heap before GC invocations=9 (full 0):
 garbage-first heap   total reserved 2019328K, committed 99328K, used 81318K [0x0000000084c00000, 0x0000000100000000)
  region size 1024K, 58 young (59392K), 8 survivors (8192K)
 Metaspace       used 27152K, committed 27520K, reserved 1114112K
  class space    used 3160K, committed 3328K, reserved 1048576K
}
Event: 7.082 GC heap after
{Heap after GC invocations=10 (full 0):
 garbage-first heap   total reserved 2019328K, committed 104448K, used 42496K [0x0000000084c00000, 0x0000000100000000)
  region size 1024K, 8 young (8192K), 8 survivors (8192K)
 Metaspace       used 27152K, committed 27520K, reserved 1114112K
  class space    used 3160K, committed 3328K, reserved 1048576K
}
Event: 8.475 GC heap before
{Heap before GC invocations=10 (full 0):
 garbage-first heap   total reserved 2019328K, committed 104448K, used 80384K [0x0000000084c00000, 0x0000000100000000)
  region size 1024K, 46 young (47104K), 8 survivors (8192K)
 Metaspace       used 28640K, committed 29120K, reserved 1114112K
  class space    used 3293K, committed 3520K, reserved 1048576K
}
Event: 8.498 GC heap after
{Heap after GC invocations=11 (full 0):
 garbage-first heap   total reserved 2019328K, committed 104448K, used 47616K [0x0000000084c00000, 0x0000000100000000)
  region size 1024K, 5 young (5120K), 5 survivors (5120K)
 Metaspace       used 28640K, committed 29120K, reserved 1114112K
  class space    used 3293K, committed 3520K, reserved 1048576K
}
Event: 9.957 GC heap before
{Heap before GC invocations=11 (full 0):
 garbage-first heap   total reserved 2019328K, committed 104448K, used 84480K [0x0000000084c00000, 0x0000000100000000)
  region size 1024K, 41 young (41984K), 5 survivors (5120K)
 Metaspace       used 29850K, committed 30272K, reserved 1114112K
  class space    used 3422K, committed 3648K, reserved 1048576K
}
Event: 9.965 GC heap after
{Heap after GC invocations=12 (full 0):
 garbage-first heap   total reserved 2019328K, committed 104448K, used 48128K [0x0000000084c00000, 0x0000000100000000)
  region size 1024K, 1 young (1024K), 1 survivors (1024K)
 Metaspace       used 29850K, committed 30272K, reserved 1114112K
  class space    used 3422K, committed 3648K, reserved 1048576K
}
Event: 10.560 GC heap before
{Heap before GC invocations=12 (full 0):
 garbage-first heap   total reserved 2019328K, committed 104448K, used 88064K [0x0000000084c00000, 0x0000000100000000)
  region size 1024K, 40 young (40960K), 1 survivors (1024K)
 Metaspace       used 30092K, committed 30592K, reserved 1114112K
  class space    used 3426K, committed 3648K, reserved 1048576K
}
Event: 10.563 GC heap after
{Heap after GC invocations=13 (full 0):
 garbage-first heap   total reserved 2019328K, committed 104448K, used 48289K [0x0000000084c00000, 0x0000000100000000)
  region size 1024K, 2 young (2048K), 2 survivors (2048K)
 Metaspace       used 30092K, committed 30592K, reserved 1114112K
  class space    used 3426K, committed 3648K, reserved 1048576K
}
Event: 16.101 GC heap before
{Heap before GC invocations=14 (full 0):
 garbage-first heap   total reserved 2019328K, committed 104448K, used 90273K [0x0000000084c00000, 0x0000000100000000)
  region size 1024K, 43 young (44032K), 2 survivors (2048K)
 Metaspace       used 32189K, committed 32640K, reserved 1114112K
  class space    used 3678K, committed 3904K, reserved 1048576K
}
Event: 16.108 GC heap after
{Heap after GC invocations=15 (full 0):
 garbage-first heap   total reserved 2019328K, committed 104448K, used 49495K [0x0000000084c00000, 0x0000000100000000)
  region size 1024K, 3 young (3072K), 3 survivors (3072K)
 Metaspace       used 32189K, committed 32640K, reserved 1114112K
  class space    used 3678K, committed 3904K, reserved 1048576K
}
Event: 21.594 GC heap before
{Heap before GC invocations=15 (full 0):
 garbage-first heap   total reserved 2019328K, committed 104448K, used 93527K [0x0000000084c00000, 0x0000000100000000)
  region size 1024K, 44 young (45056K), 3 survivors (3072K)
 Metaspace       used 32582K, committed 33088K, reserved 1114112K
  class space    used 3693K, committed 3904K, reserved 1048576K
}
Event: 21.624 GC heap after
{Heap after GC invocations=16 (full 0):
 garbage-first heap   total reserved 2019328K, committed 104448K, used 56591K [0x0000000084c00000, 0x0000000100000000)
  region size 1024K, 6 young (6144K), 6 survivors (6144K)
 Metaspace       used 32582K, committed 33088K, reserved 1114112K
  class space    used 3693K, committed 3904K, reserved 1048576K
}
Event: 22.964 GC heap before
{Heap before GC invocations=16 (full 0):
 garbage-first heap   total reserved 2019328K, committed 104448K, used 66831K [0x0000000084c00000, 0x0000000100000000)
  region size 1024K, 17 young (17408K), 6 survivors (6144K)
 Metaspace       used 32605K, committed 33088K, reserved 1114112K
  class space    used 3694K, committed 3904K, reserved 1048576K
}
Event: 22.981 GC heap after
{Heap after GC invocations=17 (full 0):
 garbage-first heap   total reserved 2019328K, committed 104448K, used 60900K [0x0000000084c00000, 0x0000000100000000)
  region size 1024K, 4 young (4096K), 4 survivors (4096K)
 Metaspace       used 32605K, committed 33088K, reserved 1114112K
  class space    used 3694K, committed 3904K, reserved 1048576K
}

