# JRE version: Java(TM) SE Runtime Environment (23.0.1+11) (build 23.0.1+11-39)
# Java VM: Java HotSpot(TM) 64-Bit Server VM (23.0.1+11-39, mixed mode, sharing, tiered, compressed oops, compressed class ptrs, g1 gc, windows-amd64)
GC Precious Log:
 CardTable entry size: 512
 Card Set container configuration: InlinePtr #cards 5 size 8 Array Of Cards #cards 10 size 36 Howl #buckets 4 coarsen threshold 1843 Howl Bitmap #cards 512 size 80 coarsen threshold 460 Card regions per heap region 1 cards per card region 2048
 CPUs: 4 total, 4 available
 Memory: 7886M
 Large Page Support: Disabled
 NUMA Support: Disabled
 Compressed Oops: Enabled (32-bit)
 Heap Region Size: 1M
 Heap Min Capacity: 8M
 Heap Initial Capacity: 124M
 Heap Max Capacity: 1972M
 Pre-touch: Disabled
 Parallel Workers: 4
 Concurrent Workers: 1
 Concurrent Refinement Workers: 4
 Periodic GC: Disabled
Heap:
 garbage-first heap   total reserved 2019328K, committed 87040K, used 50476K [0x0000000084c00000, 0x0000000100000000)
  region size 1024K, 5 young (5120K), 4 survivors (4096K)
 Metaspace       used 95153K, committed 96064K, reserved 1179648K
  class space    used 13022K, committed 13440K, reserved 1048576K
GC Heap History (20 events):
Event: 16.202 GC heap before
{Heap before GC invocations=30 (full 0):
 garbage-first heap   total reserved 2019328K, committed 75776K, used 68424K [0x0000000084c00000, 0x0000000100000000)
  region size 1024K, 26 young (26624K), 2 survivors (2048K)
 Metaspace       used 83005K, committed 83776K, reserved 1179648K
  class space    used 11469K, committed 11840K, reserved 1048576K
}
Event: 16.209 GC heap after
{Heap after GC invocations=31 (full 0):
 garbage-first heap   total reserved 2019328K, committed 75776K, used 45960K [0x0000000084c00000, 0x0000000100000000)
  region size 1024K, 4 young (4096K), 4 survivors (4096K)
 Metaspace       used 83005K, committed 83776K, reserved 1179648K
  class space    used 11469K, committed 11840K, reserved 1048576K
}
Event: 17.129 GC heap before
{Heap before GC invocations=31 (full 0):
 garbage-first heap   total reserved 2019328K, committed 75776K, used 66440K [0x0000000084c00000, 0x0000000100000000)
  region size 1024K, 24 young (24576K), 4 survivors (4096K)
 Metaspace       used 86763K, committed 87552K, reserved 1179648K
  class space    used 11956K, committed 12288K, reserved 1048576K
}
Event: 17.138 GC heap after
{Heap after GC invocations=32 (full 0):
 garbage-first heap   total reserved 2019328K, committed 75776K, used 46933K [0x0000000084c00000, 0x0000000100000000)
  region size 1024K, 2 young (2048K), 2 survivors (2048K)
 Metaspace       used 86763K, committed 87552K, reserved 1179648K
  class space    used 11956K, committed 12288K, reserved 1048576K
}
Event: 27.192 GC heap before
{Heap before GC invocations=32 (full 0):
 garbage-first heap   total reserved 2019328K, committed 75776K, used 67413K [0x0000000084c00000, 0x0000000100000000)
  region size 1024K, 23 young (23552K), 2 survivors (2048K)
 Metaspace       used 90070K, committed 90880K, reserved 1179648K
  class space    used 12427K, committed 12800K, reserved 1048576K
}
Event: 27.199 GC heap after
{Heap after GC invocations=33 (full 0):
 garbage-first heap   total reserved 2019328K, committed 75776K, used 49662K [0x0000000084c00000, 0x0000000100000000)
  region size 1024K, 3 young (3072K), 3 survivors (3072K)
 Metaspace       used 90070K, committed 90880K, reserved 1179648K
  class space    used 12427K, committed 12800K, reserved 1048576K
}
Event: 80.284 GC heap before
{Heap before GC invocations=34 (full 0):
 garbage-first heap   total reserved 2019328K, committed 83968K, used 66046K [0x0000000084c00000, 0x0000000100000000)
  region size 1024K, 20 young (20480K), 3 survivors (3072K)
 Metaspace       used 93739K, committed 94656K, reserved 1179648K
  class space    used 12926K, committed 13312K, reserved 1048576K
}
Event: 80.289 GC heap after
{Heap after GC invocations=35 (full 0):
 garbage-first heap   total reserved 2019328K, committed 83968K, used 50794K [0x0000000084c00000, 0x0000000100000000)
  region size 1024K, 2 young (2048K), 2 survivors (2048K)
 Metaspace       used 93739K, committed 94656K, reserved 1179648K
  class space    used 12926K, committed 13312K, reserved 1048576K
}
Event: 567.446 GC heap before
{Heap before GC invocations=35 (full 0):
 garbage-first heap   total reserved 2019328K, committed 83968K, used 75370K [0x0000000084c00000, 0x0000000100000000)
  region size 1024K, 26 young (26624K), 2 survivors (2048K)
 Metaspace       used 94108K, committed 95040K, reserved 1179648K
  class space    used 12937K, committed 13376K, reserved 1048576K
}
Event: 567.559 GC heap after
{Heap after GC invocations=36 (full 0):
 garbage-first heap   total reserved 2019328K, committed 83968K, used 50345K [0x0000000084c00000, 0x0000000100000000)
  region size 1024K, 2 young (2048K), 2 survivors (2048K)
 Metaspace       used 94108K, committed 95040K, reserved 1179648K
  class space    used 12937K, committed 13376K, reserved 1048576K
}
Event: 729.614 GC heap before
{Heap before GC invocations=36 (full 0):
 garbage-first heap   total reserved 2019328K, committed 83968K, used 59561K [0x0000000084c00000, 0x0000000100000000)
  region size 1024K, 12 young (12288K), 2 survivors (2048K)
 Metaspace       used 94254K, committed 95168K, reserved 1179648K
  class space    used 12964K, committed 13376K, reserved 1048576K
}
Event: 730.027 GC heap after
{Heap after GC invocations=37 (full 1):
 garbage-first heap   total reserved 2019328K, committed 83968K, used 41024K [0x0000000084c00000, 0x0000000100000000)
  region size 1024K, 0 young (0K), 0 survivors (0K)
 Metaspace       used 94254K, committed 95168K, reserved 1179648K
  class space    used 12964K, committed 13376K, reserved 1048576K
}
Event: 733.043 GC heap before
{Heap before GC invocations=37 (full 1):
 garbage-first heap   total reserved 2019328K, committed 83968K, used 74816K [0x0000000084c00000, 0x0000000100000000)
  region size 1024K, 34 young (34816K), 0 survivors (0K)
 Metaspace       used 94445K, committed 95360K, reserved 1179648K
  class space    used 12966K, committed 13376K, reserved 1048576K
}
Event: 733.049 GC heap after
{Heap after GC invocations=38 (full 1):
 garbage-first heap   total reserved 2019328K, committed 83968K, used 44261K [0x0000000084c00000, 0x0000000100000000)
  region size 1024K, 4 young (4096K), 4 survivors (4096K)
 Metaspace       used 94445K, committed 95360K, reserved 1179648K
  class space    used 12966K, committed 13376K, reserved 1048576K
}
Event: 733.897 GC heap before
{Heap before GC invocations=39 (full 1):
 garbage-first heap   total reserved 2019328K, committed 83968K, used 71909K [0x0000000084c00000, 0x0000000100000000)
  region size 1024K, 31 young (31744K), 4 survivors (4096K)
 Metaspace       used 94502K, committed 95360K, reserved 1179648K
  class space    used 12966K, committed 13376K, reserved 1048576K
}
Event: 733.903 GC heap after
{Heap after GC invocations=40 (full 1):
 garbage-first heap   total reserved 2019328K, committed 83968K, used 45546K [0x0000000084c00000, 0x0000000100000000)
  region size 1024K, 2 young (2048K), 2 survivors (2048K)
 Metaspace       used 94502K, committed 95360K, reserved 1179648K
  class space    used 12966K, committed 13376K, reserved 1048576K
}
Event: 739.409 GC heap before
{Heap before GC invocations=40 (full 1):
 garbage-first heap   total reserved 2019328K, committed 83968K, used 73194K [0x0000000084c00000, 0x0000000100000000)
  region size 1024K, 30 young (30720K), 2 survivors (2048K)
 Metaspace       used 94717K, committed 95616K, reserved 1179648K
  class space    used 12970K, committed 13376K, reserved 1048576K
}
Event: 739.413 GC heap after
{Heap after GC invocations=41 (full 1):
 garbage-first heap   total reserved 2019328K, committed 83968K, used 47997K [0x0000000084c00000, 0x0000000100000000)
  region size 1024K, 4 young (4096K), 4 survivors (4096K)
 Metaspace       used 94717K, committed 95616K, reserved 1179648K
  class space    used 12970K, committed 13376K, reserved 1048576K
}
Event: 747.191 GC heap before
{Heap before GC invocations=41 (full 1):
 garbage-first heap   total reserved 2019328K, committed 83968K, used 72573K [0x0000000084c00000, 0x0000000100000000)
  region size 1024K, 28 young (28672K), 4 survivors (4096K)
 Metaspace       used 95153K, committed 96064K, reserved 1179648K
  class space    used 13022K, committed 13440K, reserved 1048576K
}
Event: 747.204 GC heap after
{Heap after GC invocations=42 (full 1):
 garbage-first heap   total reserved 2019328K, committed 83968K, used 50476K [0x0000000084c00000, 0x0000000100000000)
  region size 1024K, 4 young (4096K), 4 survivors (4096K)
 Metaspace       used 95153K, committed 96064K, reserved 1179648K
  class space    used 13022K, committed 13440K, reserved 1048576K
}

